<?xml version="1.0" encoding="utf-8"?>
<coverage line-rate="0.8034" branch-rate="0.706" version="1.9" timestamp="1662435264" lines-covered="1721" lines-valid="2142" branches-covered="269" branches-valid="381">
  <sources>
    <source>F:\gitlab\quartz.mongodb\src\Quartz.Spi.MongoDbJobStore\</source>
  </sources>
  <packages>
    <package name="Quartz.Spi.MongoDbJobStore" line-rate="0.8034" branch-rate="0.706" complexity="661">
      <classes>
        <class name="Quartz.QuartzThread" filename="Util\QuartzThread.cs" line-rate="0.5666" branch-rate="1" complexity="12">
          <methods>
            <method name="Run" signature="()" line-rate="0" branch-rate="1" complexity="1">
              <lines>
                <line number="72" hits="0" branch="False" />
                <line number="73" hits="0" branch="False" />
              </lines>
            </method>
            <method name="Start" signature="()" line-rate="1" branch-rate="1" complexity="1">
              <lines>
                <line number="79" hits="6" branch="False" />
                <line number="80" hits="6" branch="False" />
                <line number="81" hits="6" branch="False" />
              </lines>
            </method>
            <method name="Interrupt" signature="()" line-rate="1" branch-rate="1" complexity="1">
              <lines>
                <line number="87" hits="6" branch="False" />
                <line number="88" hits="6" branch="False" />
                <line number="89" hits="6" branch="False" />
              </lines>
            </method>
            <method name="get_Name" signature="()" line-rate="0" branch-rate="1" complexity="1">
              <lines>
                <line number="96" hits="0" branch="False" />
              </lines>
            </method>
            <method name="set_Name" signature="(System.String)" line-rate="1" branch-rate="1" complexity="1">
              <lines>
                <line number="98" hits="6" branch="False" />
                <line number="99" hits="6" branch="False" />
                <line number="100" hits="6" branch="False" />
              </lines>
            </method>
            <method name="get_Priority" signature="()" line-rate="0" branch-rate="1" complexity="1">
              <lines>
                <line number="108" hits="0" branch="False" />
              </lines>
            </method>
            <method name="set_Priority" signature="(System.Threading.ThreadPriority)" line-rate="0" branch-rate="1" complexity="1">
              <lines>
                <line number="109" hits="0" branch="False" />
              </lines>
            </method>
            <method name="set_IsBackground" signature="(System.Boolean)" line-rate="1" branch-rate="1" complexity="1">
              <lines>
                <line number="117" hits="18" branch="False" />
              </lines>
            </method>
            <method name="Join" signature="()" line-rate="1" branch-rate="1" complexity="1">
              <lines>
                <line number="124" hits="6" branch="False" />
                <line number="125" hits="6" branch="False" />
                <line number="126" hits="6" branch="False" />
              </lines>
            </method>
            <method name="ToString" signature="()" line-rate="0" branch-rate="1" complexity="1">
              <lines>
                <line number="133" hits="0" branch="False" />
                <line number="134" hits="0" branch="False" />
                <line number="135" hits="0" branch="False" />
              </lines>
            </method>
            <method name=".ctor" signature="()" line-rate="1" branch-rate="1" complexity="1">
              <lines>
                <line number="53" hits="6" branch="False" />
                <line number="54" hits="6" branch="False" />
                <line number="55" hits="6" branch="False" />
                <line number="56" hits="6" branch="False" />
              </lines>
            </method>
            <method name=".ctor" signature="(System.String)" line-rate="0" branch-rate="1" complexity="1">
              <lines>
                <line number="62" hits="0" branch="False" />
                <line number="63" hits="0" branch="False" />
                <line number="64" hits="0" branch="False" />
                <line number="65" hits="0" branch="False" />
                <line number="66" hits="0" branch="False" />
              </lines>
            </method>
          </methods>
          <lines>
            <line number="72" hits="0" branch="False" />
            <line number="73" hits="0" branch="False" />
            <line number="79" hits="6" branch="False" />
            <line number="80" hits="6" branch="False" />
            <line number="81" hits="6" branch="False" />
            <line number="87" hits="6" branch="False" />
            <line number="88" hits="6" branch="False" />
            <line number="89" hits="6" branch="False" />
            <line number="96" hits="0" branch="False" />
            <line number="98" hits="6" branch="False" />
            <line number="99" hits="6" branch="False" />
            <line number="100" hits="6" branch="False" />
            <line number="108" hits="0" branch="False" />
            <line number="109" hits="0" branch="False" />
            <line number="117" hits="18" branch="False" />
            <line number="124" hits="6" branch="False" />
            <line number="125" hits="6" branch="False" />
            <line number="126" hits="6" branch="False" />
            <line number="133" hits="0" branch="False" />
            <line number="134" hits="0" branch="False" />
            <line number="135" hits="0" branch="False" />
            <line number="53" hits="6" branch="False" />
            <line number="54" hits="6" branch="False" />
            <line number="55" hits="6" branch="False" />
            <line number="56" hits="6" branch="False" />
            <line number="62" hits="0" branch="False" />
            <line number="63" hits="0" branch="False" />
            <line number="64" hits="0" branch="False" />
            <line number="65" hits="0" branch="False" />
            <line number="66" hits="0" branch="False" />
          </lines>
        </class>
        <class name="Quartz.Util.LogicalThreadContext" filename="Util\LogicalThreadContext.cs" line-rate="1" branch-rate="1" complexity="5">
          <methods>
            <method name="GetData" signature="(System.String)" line-rate="1" branch-rate="1" complexity="2">
              <lines>
                <line number="59" hits="45" branch="False" />
                <line number="63" hits="45" branch="True" condition-coverage="100% (2/2)">
                  <conditions>
                    <condition number="14" type="jump" coverage="100%" />
                  </conditions>
                </line>
                <line number="65" hits="45" branch="False" />
              </lines>
            </method>
            <method name="SetData" signature="(System.String,System.Object)" line-rate="1" branch-rate="1" complexity="1">
              <lines>
                <line number="73" hits="3" branch="False" />
                <line number="77" hits="6" branch="False" />
                <line number="79" hits="3" branch="False" />
              </lines>
            </method>
            <method name="FreeNamedDataSlot" signature="(System.String)" line-rate="1" branch-rate="1" complexity="1">
              <lines>
                <line number="86" hits="42" branch="False" />
                <line number="90" hits="42" branch="False" />
                <line number="92" hits="42" branch="False" />
              </lines>
            </method>
            <method name=".cctor" signature="()" line-rate="1" branch-rate="1" complexity="1">
              <lines>
                <line number="55" hits="1" branch="False" />
              </lines>
            </method>
          </methods>
          <lines>
            <line number="59" hits="45" branch="False" />
            <line number="63" hits="45" branch="True" condition-coverage="100% (2/2)">
              <conditions>
                <condition number="14" type="jump" coverage="100%" />
              </conditions>
            </line>
            <line number="65" hits="45" branch="False" />
            <line number="73" hits="3" branch="False" />
            <line number="77" hits="6" branch="False" />
            <line number="79" hits="3" branch="False" />
            <line number="86" hits="42" branch="False" />
            <line number="90" hits="42" branch="False" />
            <line number="92" hits="42" branch="False" />
            <line number="55" hits="1" branch="False" />
          </lines>
        </class>
        <class name="Quartz.Simpl.DefaultObjectSerializer" filename="Serializers\DefaultObjectSerializer.cs" line-rate="0.8665999999999999" branch-rate="1" complexity="3">
          <methods>
            <method name="Initialize" signature="()" line-rate="0" branch-rate="1" complexity="1">
              <lines>
                <line number="16" hits="0" branch="False" />
                <line number="17" hits="0" branch="False" />
              </lines>
            </method>
            <method name="Serialize" signature="(T)" line-rate="1" branch-rate="1" complexity="1">
              <lines>
                <line number="25" hits="146" branch="False" />
                <line number="26" hits="146" branch="False" />
                <line number="27" hits="146" branch="False" />
                <line number="28" hits="146" branch="False" />
                <line number="29" hits="146" branch="False" />
                <line number="30" hits="146" branch="False" />
                <line number="32" hits="146" branch="False" />
              </lines>
            </method>
            <method name="DeSerialize" signature="(System.Byte[])" line-rate="1" branch-rate="1" complexity="1">
              <lines>
                <line number="39" hits="305" branch="False" />
                <line number="40" hits="305" branch="False" />
                <line number="41" hits="305" branch="False" />
                <line number="42" hits="305" branch="False" />
                <line number="43" hits="305" branch="False" />
                <line number="45" hits="305" branch="False" />
              </lines>
            </method>
          </methods>
          <lines>
            <line number="16" hits="0" branch="False" />
            <line number="17" hits="0" branch="False" />
            <line number="25" hits="146" branch="False" />
            <line number="26" hits="146" branch="False" />
            <line number="27" hits="146" branch="False" />
            <line number="28" hits="146" branch="False" />
            <line number="29" hits="146" branch="False" />
            <line number="30" hits="146" branch="False" />
            <line number="32" hits="146" branch="False" />
            <line number="39" hits="305" branch="False" />
            <line number="40" hits="305" branch="False" />
            <line number="41" hits="305" branch="False" />
            <line number="42" hits="305" branch="False" />
            <line number="43" hits="305" branch="False" />
            <line number="45" hits="305" branch="False" />
          </lines>
        </class>
        <class name="Quartz.Spi.MongoDbJobStore.CollectionName" filename="CollectionName.cs" line-rate="0.75" branch-rate="0.5" complexity="3">
          <methods>
            <method name="get_Name" signature="()" line-rate="1" branch-rate="1" complexity="1">
              <lines>
                <line number="30" hits="210" branch="False" />
              </lines>
            </method>
            <method name=".ctor" signature="(System.String)" line-rate="0.7142000000000001" branch-rate="0.5" complexity="2">
              <lines>
                <line number="16" hits="105" branch="False" />
                <line number="17" hits="105" branch="False" />
                <line number="18" hits="105" branch="True" condition-coverage="50% (1/2)">
                  <conditions>
                    <condition number="16" type="jump" coverage="50%" />
                  </conditions>
                </line>
                <line number="19" hits="0" branch="False" />
                <line number="20" hits="0" branch="False" />
                <line number="23" hits="105" branch="False" />
                <line number="24" hits="105" branch="False" />
              </lines>
            </method>
          </methods>
          <lines>
            <line number="30" hits="210" branch="False" />
            <line number="16" hits="105" branch="False" />
            <line number="17" hits="105" branch="False" />
            <line number="18" hits="105" branch="True" condition-coverage="50% (1/2)">
              <conditions>
                <condition number="16" type="jump" coverage="50%" />
              </conditions>
            </line>
            <line number="19" hits="0" branch="False" />
            <line number="20" hits="0" branch="False" />
            <line number="23" hits="105" branch="False" />
            <line number="24" hits="105" branch="False" />
          </lines>
        </class>
        <class name="Quartz.Spi.MongoDbJobStore.QuartzMongoHelper" filename="DefaultHelper.cs" line-rate="1" branch-rate="1" complexity="2">
          <methods>
            <method name="SetStoreProperties" signature="(System.Collections.Specialized.NameValueCollection,System.String,System.String)" line-rate="1" branch-rate="1" complexity="2">
              <lines>
                <line number="14" hits="15" branch="False" />
                <line number="15" hits="15" branch="False" />
                <line number="16" hits="15" branch="False" />
                <line number="17" hits="15" branch="False" />
                <line number="18" hits="15" branch="False" />
                <line number="19" hits="15" branch="True" condition-coverage="100% (2/2)">
                  <conditions>
                    <condition number="103" type="jump" coverage="100%" />
                  </conditions>
                </line>
                <line number="20" hits="15" branch="False" />
              </lines>
            </method>
          </methods>
          <lines>
            <line number="14" hits="15" branch="False" />
            <line number="15" hits="15" branch="False" />
            <line number="16" hits="15" branch="False" />
            <line number="17" hits="15" branch="False" />
            <line number="18" hits="15" branch="False" />
            <line number="19" hits="15" branch="True" condition-coverage="100% (2/2)">
              <conditions>
                <condition number="103" type="jump" coverage="100%" />
              </conditions>
            </line>
            <line number="20" hits="15" branch="False" />
          </lines>
        </class>
        <class name="Quartz.Spi.MongoDbJobStore.LockManager" filename="LockManager.cs" line-rate="0.5675" branch-rate="0.375" complexity="10">
          <methods>
            <method name="Dispose" signature="()" line-rate="0" branch-rate="0" complexity="2">
              <lines>
                <line number="41" hits="0" branch="False" />
                <line number="42" hits="0" branch="False" />
                <line number="44" hits="0" branch="False" />
                <line number="45" hits="0" branch="False" />
                <line number="46" hits="0" branch="True" condition-coverage="0% (0/2)">
                  <conditions>
                    <condition number="65" type="jump" coverage="0%" />
                  </conditions>
                </line>
                <line number="47" hits="0" branch="False" />
                <line number="48" hits="0" branch="False" />
                <line number="49" hits="0" branch="False" />
                <line number="50" hits="0" branch="False" />
              </lines>
            </method>
            <method name="EnsureObjectNotDisposed" signature="()" line-rate="0.6" branch-rate="0.5" complexity="2">
              <lines>
                <line number="95" hits="290" branch="False" />
                <line number="96" hits="290" branch="True" condition-coverage="50% (1/2)">
                  <conditions>
                    <condition number="9" type="jump" coverage="50%" />
                  </conditions>
                </line>
                <line number="97" hits="0" branch="False" />
                <line number="98" hits="0" branch="False" />
                <line number="100" hits="290" branch="False" />
              </lines>
            </method>
            <method name="AddLock" signature="(Quartz.Spi.MongoDbJobStore.LockManager/LockInstance)" line-rate="0.6" branch-rate="0.5" complexity="2">
              <lines>
                <line number="103" hits="252" branch="False" />
                <line number="104" hits="252" branch="True" condition-coverage="50% (1/2)">
                  <conditions>
                    <condition number="24" type="jump" coverage="50%" />
                  </conditions>
                </line>
                <line number="105" hits="0" branch="False" />
                <line number="106" hits="0" branch="False" />
                <line number="108" hits="252" branch="False" />
              </lines>
            </method>
            <method name="LockReleased" signature="(Quartz.Spi.MongoDbJobStore.LockManager/LockInstance)" line-rate="0.5" branch-rate="0.5" complexity="2">
              <lines>
                <line number="111" hits="252" branch="False" />
                <line number="112" hits="252" branch="True" condition-coverage="50% (1/2)">
                  <conditions>
                    <condition number="25" type="jump" coverage="50%" />
                  </conditions>
                </line>
                <line number="113" hits="0" branch="False" />
                <line number="114" hits="0" branch="False" />
                <line number="115" hits="0" branch="False" />
                <line number="116" hits="252" branch="False" />
              </lines>
            </method>
            <method name=".ctor" signature="(MongoDB.Driver.IMongoDatabase,System.String,Microsoft.Extensions.Logging.ILogger`1&lt;Quartz.Spi.MongoDbJobStore.LockManager&gt;,System.String)" line-rate="1" branch-rate="1" complexity="1">
              <lines>
                <line number="22" hits="15" branch="False" />
                <line number="23" hits="15" branch="False" />
                <line number="25" hits="15" branch="False" />
                <line number="31" hits="15" branch="False" />
                <line number="32" hits="15" branch="False" />
                <line number="33" hits="15" branch="False" />
                <line number="34" hits="15" branch="False" />
                <line number="35" hits="15" branch="False" />
                <line number="36" hits="15" branch="False" />
                <line number="37" hits="15" branch="False" />
                <line number="38" hits="15" branch="False" />
              </lines>
            </method>
            <method name=".cctor" signature="()" line-rate="1" branch-rate="1" complexity="1">
              <lines>
                <line number="18" hits="1" branch="False" />
              </lines>
            </method>
          </methods>
          <lines>
            <line number="41" hits="0" branch="False" />
            <line number="42" hits="0" branch="False" />
            <line number="44" hits="0" branch="False" />
            <line number="45" hits="0" branch="False" />
            <line number="46" hits="0" branch="True" condition-coverage="0% (0/2)">
              <conditions>
                <condition number="65" type="jump" coverage="0%" />
              </conditions>
            </line>
            <line number="47" hits="0" branch="False" />
            <line number="48" hits="0" branch="False" />
            <line number="49" hits="0" branch="False" />
            <line number="50" hits="0" branch="False" />
            <line number="95" hits="290" branch="False" />
            <line number="96" hits="290" branch="True" condition-coverage="50% (1/2)">
              <conditions>
                <condition number="9" type="jump" coverage="50%" />
              </conditions>
            </line>
            <line number="97" hits="0" branch="False" />
            <line number="98" hits="0" branch="False" />
            <line number="100" hits="290" branch="False" />
            <line number="103" hits="252" branch="False" />
            <line number="104" hits="252" branch="True" condition-coverage="50% (1/2)">
              <conditions>
                <condition number="24" type="jump" coverage="50%" />
              </conditions>
            </line>
            <line number="105" hits="0" branch="False" />
            <line number="106" hits="0" branch="False" />
            <line number="108" hits="252" branch="False" />
            <line number="111" hits="252" branch="False" />
            <line number="112" hits="252" branch="True" condition-coverage="50% (1/2)">
              <conditions>
                <condition number="25" type="jump" coverage="50%" />
              </conditions>
            </line>
            <line number="113" hits="0" branch="False" />
            <line number="114" hits="0" branch="False" />
            <line number="115" hits="0" branch="False" />
            <line number="116" hits="252" branch="False" />
            <line number="22" hits="15" branch="False" />
            <line number="23" hits="15" branch="False" />
            <line number="25" hits="15" branch="False" />
            <line number="31" hits="15" branch="False" />
            <line number="32" hits="15" branch="False" />
            <line number="33" hits="15" branch="False" />
            <line number="34" hits="15" branch="False" />
            <line number="35" hits="15" branch="False" />
            <line number="36" hits="15" branch="False" />
            <line number="37" hits="15" branch="False" />
            <line number="38" hits="15" branch="False" />
            <line number="18" hits="1" branch="False" />
          </lines>
        </class>
        <class name="Quartz.Spi.MongoDbJobStore.LockManager/LockInstance" filename="LockManager.cs" line-rate="0.8125" branch-rate="0.5" complexity="5">
          <methods>
            <method name="get_InstanceId" signature="()" line-rate="1" branch-rate="1" complexity="1">
              <lines>
                <line number="131" hits="252" branch="False" />
              </lines>
            </method>
            <method name="get_LockType" signature="()" line-rate="1" branch-rate="1" complexity="1">
              <lines>
                <line number="133" hits="756" branch="False" />
              </lines>
            </method>
            <method name="Dispose" signature="()" line-rate="0.625" branch-rate="0.5" complexity="2">
              <lines>
                <line number="136" hits="252" branch="False" />
                <line number="137" hits="252" branch="True" condition-coverage="50% (1/2)">
                  <conditions>
                    <condition number="9" type="jump" coverage="50%" />
                  </conditions>
                </line>
                <line number="138" hits="0" branch="False" />
                <line number="139" hits="0" branch="False" />
                <line number="140" hits="0" branch="False" />
                <line number="143" hits="252" branch="False" />
                <line number="145" hits="252" branch="False" />
                <line number="146" hits="252" branch="False" />
              </lines>
            </method>
            <method name=".ctor" signature="(Quartz.Spi.MongoDbJobStore.LockManager,Quartz.Spi.MongoDbJobStore.Models.LockType,System.String)" line-rate="1" branch-rate="1" complexity="1">
              <lines>
                <line number="124" hits="252" branch="False" />
                <line number="125" hits="252" branch="False" />
                <line number="126" hits="252" branch="False" />
                <line number="127" hits="252" branch="False" />
                <line number="128" hits="252" branch="False" />
                <line number="129" hits="252" branch="False" />
              </lines>
            </method>
          </methods>
          <lines>
            <line number="131" hits="252" branch="False" />
            <line number="133" hits="756" branch="False" />
            <line number="136" hits="252" branch="False" />
            <line number="137" hits="252" branch="True" condition-coverage="50% (1/2)">
              <conditions>
                <condition number="9" type="jump" coverage="50%" />
              </conditions>
            </line>
            <line number="138" hits="0" branch="False" />
            <line number="139" hits="0" branch="False" />
            <line number="140" hits="0" branch="False" />
            <line number="143" hits="252" branch="False" />
            <line number="145" hits="252" branch="False" />
            <line number="146" hits="252" branch="False" />
            <line number="124" hits="252" branch="False" />
            <line number="125" hits="252" branch="False" />
            <line number="126" hits="252" branch="False" />
            <line number="127" hits="252" branch="False" />
            <line number="128" hits="252" branch="False" />
            <line number="129" hits="252" branch="False" />
          </lines>
        </class>
        <class name="Quartz.Spi.MongoDbJobStore.LockManager/&lt;AcquireLock&gt;d__8" filename="LockManager.cs" line-rate="1" branch-rate="1" complexity="2">
          <methods>
            <method name="MoveNext" signature="()" line-rate="1" branch-rate="1" complexity="2">
              <lines>
                <line number="53" hits="252" branch="False" />
                <line number="54" hits="290" branch="False" />
                <line number="55" hits="290" branch="False" />
                <line number="56" hits="290" branch="False" />
                <line number="58" hits="290" branch="False" />
                <line number="60" hits="290" branch="False" />
                <line number="61" hits="290" branch="True" condition-coverage="100% (2/2)">
                  <conditions>
                    <condition number="320" type="jump" coverage="100%" />
                  </conditions>
                </line>
                <line number="62" hits="252" branch="False" />
                <line number="63" hits="252" branch="False" />
                <line number="64" hits="252" branch="False" />
                <line number="66" hits="252" branch="False" />
                <line number="68" hits="38" branch="False" />
                <line number="70" hits="290" branch="False" />
                <line number="71" hits="290" branch="False" />
                <line number="72" hits="290" branch="False" />
                <line number="74" hits="38" branch="False" />
                <line number="75" hits="38" branch="False" />
                <line number="76" hits="252" branch="False" />
              </lines>
            </method>
          </methods>
          <lines>
            <line number="53" hits="252" branch="False" />
            <line number="54" hits="290" branch="False" />
            <line number="55" hits="290" branch="False" />
            <line number="56" hits="290" branch="False" />
            <line number="58" hits="290" branch="False" />
            <line number="60" hits="290" branch="False" />
            <line number="61" hits="290" branch="True" condition-coverage="100% (2/2)">
              <conditions>
                <condition number="320" type="jump" coverage="100%" />
              </conditions>
            </line>
            <line number="62" hits="252" branch="False" />
            <line number="63" hits="252" branch="False" />
            <line number="64" hits="252" branch="False" />
            <line number="66" hits="252" branch="False" />
            <line number="68" hits="38" branch="False" />
            <line number="70" hits="290" branch="False" />
            <line number="71" hits="290" branch="False" />
            <line number="72" hits="290" branch="False" />
            <line number="74" hits="38" branch="False" />
            <line number="75" hits="38" branch="False" />
            <line number="76" hits="252" branch="False" />
          </lines>
        </class>
        <class name="Quartz.Spi.MongoDbJobStore.LockManager/&lt;ReleaseLock&gt;d__9" filename="LockManager.cs" line-rate="1" branch-rate="1" complexity="1">
          <methods>
            <method name="MoveNext" signature="()" line-rate="1" branch-rate="1" complexity="1">
              <lines>
                <line number="79" hits="252" branch="False" />
                <line number="80" hits="252" branch="False" />
                <line number="82" hits="252" branch="False" />
                <line number="84" hits="252" branch="False" />
                <line number="86" hits="252" branch="False" />
                <line number="87" hits="252" branch="False" />
                <line number="89" hits="252" branch="False" />
                <line number="90" hits="252" branch="False" />
                <line number="91" hits="252" branch="False" />
                <line number="92" hits="252" branch="False" />
              </lines>
            </method>
          </methods>
          <lines>
            <line number="79" hits="252" branch="False" />
            <line number="80" hits="252" branch="False" />
            <line number="82" hits="252" branch="False" />
            <line number="84" hits="252" branch="False" />
            <line number="86" hits="252" branch="False" />
            <line number="87" hits="252" branch="False" />
            <line number="89" hits="252" branch="False" />
            <line number="90" hits="252" branch="False" />
            <line number="91" hits="252" branch="False" />
            <line number="92" hits="252" branch="False" />
          </lines>
        </class>
        <class name="Quartz.Spi.MongoDbJobStore.MisfireHandler" filename="MisfireHandler.cs" line-rate="0.6666" branch-rate="0.5625" complexity="18">
          <methods>
            <method name="Shutdown" signature="()" line-rate="1" branch-rate="1" complexity="1">
              <lines>
                <line number="25" hits="6" branch="False" />
                <line number="26" hits="6" branch="False" />
                <line number="27" hits="6" branch="False" />
                <line number="28" hits="6" branch="False" />
              </lines>
            </method>
            <method name="Run" signature="()" line-rate="0.6570999999999999" branch-rate="0.6428" complexity="14">
              <lines>
                <line number="31" hits="6" branch="False" />
                <line number="32" hits="12" branch="True" condition-coverage="100% (2/2)">
                  <conditions>
                    <condition number="260" type="jump" coverage="100%" />
                  </conditions>
                </line>
                <line number="33" hits="6" branch="False" />
                <line number="34" hits="6" branch="False" />
                <line number="35" hits="6" branch="False" />
                <line number="36" hits="6" branch="True" condition-coverage="50% (1/2)">
                  <conditions>
                    <condition number="31" type="jump" coverage="50%" />
                  </conditions>
                </line>
                <line number="37" hits="0" branch="False" />
                <line number="38" hits="0" branch="False" />
                <line number="39" hits="0" branch="False" />
                <line number="41" hits="6" branch="True" condition-coverage="100% (2/2)">
                  <conditions>
                    <condition number="69" type="jump" coverage="100%" />
                  </conditions>
                </line>
                <line number="42" hits="6" branch="False" />
                <line number="43" hits="6" branch="False" />
                <line number="44" hits="6" branch="True" condition-coverage="100% (2/2)">
                  <conditions>
                    <condition number="104" type="jump" coverage="100%" />
                  </conditions>
                </line>
                <line number="45" hits="6" branch="False" />
                <line number="46" hits="6" branch="False" />
                <line number="47" hits="6" branch="True" condition-coverage="50% (1/2)">
                  <conditions>
                    <condition number="152" type="jump" coverage="50%" />
                  </conditions>
                </line>
                <line number="48" hits="0" branch="False" />
                <line number="49" hits="0" branch="False" />
                <line number="50" hits="0" branch="False" />
                <line number="52" hits="6" branch="True" condition-coverage="50% (1/2)">
                  <conditions>
                    <condition number="185" type="jump" coverage="50%" />
                  </conditions>
                </line>
                <line number="53" hits="0" branch="False" />
                <line number="54" hits="0" branch="True" condition-coverage="0% (0/2)">
                  <conditions>
                    <condition number="206" type="jump" coverage="0%" />
                  </conditions>
                </line>
                <line number="55" hits="0" branch="False" />
                <line number="56" hits="0" branch="False" />
                <line number="57" hits="0" branch="False" />
                <line number="58" hits="6" branch="False" />
                <line number="61" hits="6" branch="False" />
                <line number="62" hits="6" branch="False" />
                <line number="63" hits="0" branch="False" />
                <line number="64" hits="6" branch="False" />
                <line number="65" hits="6" branch="False" />
                <line number="66" hits="6" branch="False" />
                <line number="67" hits="6" branch="False" />
                <line number="68" hits="6" branch="False" />
                <line number="69" hits="6" branch="False" />
              </lines>
            </method>
            <method name="Manage" signature="()" line-rate="0.4375" branch-rate="0" complexity="2">
              <lines>
                <line number="72" hits="6" branch="False" />
                <line number="74" hits="6" branch="False" />
                <line number="75" hits="6" branch="False" />
                <line number="76" hits="6" branch="False" />
                <line number="77" hits="6" branch="False" />
                <line number="78" hits="6" branch="False" />
                <line number="80" hits="0" branch="False" />
                <line number="81" hits="0" branch="False" />
                <line number="82" hits="0" branch="True" condition-coverage="0% (0/2)">
                  <conditions>
                    <condition number="77" type="jump" coverage="0%" />
                  </conditions>
                </line>
                <line number="83" hits="0" branch="False" />
                <line number="84" hits="0" branch="False" />
                <line number="85" hits="0" branch="False" />
                <line number="86" hits="0" branch="False" />
                <line number="87" hits="0" branch="False" />
                <line number="89" hits="0" branch="False" />
                <line number="90" hits="6" branch="False" />
              </lines>
            </method>
            <method name=".ctor" signature="(Quartz.Spi.MongoDbJobStore.MongoDbJobStore,Microsoft.Extensions.Logging.ILogger`1&lt;Quartz.Spi.MongoDbJobStore.MisfireHandler&gt;)" line-rate="1" branch-rate="1" complexity="1">
              <lines>
                <line number="15" hits="6" branch="False" />
                <line number="16" hits="6" branch="False" />
                <line number="17" hits="6" branch="False" />
                <line number="18" hits="6" branch="False" />
                <line number="19" hits="6" branch="False" />
                <line number="20" hits="6" branch="False" />
                <line number="21" hits="6" branch="False" />
                <line number="22" hits="6" branch="False" />
              </lines>
            </method>
          </methods>
          <lines>
            <line number="25" hits="6" branch="False" />
            <line number="26" hits="6" branch="False" />
            <line number="27" hits="6" branch="False" />
            <line number="28" hits="6" branch="False" />
            <line number="31" hits="6" branch="False" />
            <line number="32" hits="12" branch="True" condition-coverage="100% (2/2)">
              <conditions>
                <condition number="260" type="jump" coverage="100%" />
              </conditions>
            </line>
            <line number="33" hits="6" branch="False" />
            <line number="34" hits="6" branch="False" />
            <line number="35" hits="6" branch="False" />
            <line number="36" hits="6" branch="True" condition-coverage="50% (1/2)">
              <conditions>
                <condition number="31" type="jump" coverage="50%" />
              </conditions>
            </line>
            <line number="37" hits="0" branch="False" />
            <line number="38" hits="0" branch="False" />
            <line number="39" hits="0" branch="False" />
            <line number="41" hits="6" branch="True" condition-coverage="100% (2/2)">
              <conditions>
                <condition number="69" type="jump" coverage="100%" />
              </conditions>
            </line>
            <line number="42" hits="6" branch="False" />
            <line number="43" hits="6" branch="False" />
            <line number="44" hits="6" branch="True" condition-coverage="100% (2/2)">
              <conditions>
                <condition number="104" type="jump" coverage="100%" />
              </conditions>
            </line>
            <line number="45" hits="6" branch="False" />
            <line number="46" hits="6" branch="False" />
            <line number="47" hits="6" branch="True" condition-coverage="50% (1/2)">
              <conditions>
                <condition number="152" type="jump" coverage="50%" />
              </conditions>
            </line>
            <line number="48" hits="0" branch="False" />
            <line number="49" hits="0" branch="False" />
            <line number="50" hits="0" branch="False" />
            <line number="52" hits="6" branch="True" condition-coverage="50% (1/2)">
              <conditions>
                <condition number="185" type="jump" coverage="50%" />
              </conditions>
            </line>
            <line number="53" hits="0" branch="False" />
            <line number="54" hits="0" branch="True" condition-coverage="0% (0/2)">
              <conditions>
                <condition number="206" type="jump" coverage="0%" />
              </conditions>
            </line>
            <line number="55" hits="0" branch="False" />
            <line number="56" hits="0" branch="False" />
            <line number="57" hits="0" branch="False" />
            <line number="58" hits="6" branch="False" />
            <line number="61" hits="6" branch="False" />
            <line number="62" hits="6" branch="False" />
            <line number="63" hits="0" branch="False" />
            <line number="64" hits="6" branch="False" />
            <line number="65" hits="6" branch="False" />
            <line number="66" hits="6" branch="False" />
            <line number="67" hits="6" branch="False" />
            <line number="68" hits="6" branch="False" />
            <line number="69" hits="6" branch="False" />
            <line number="72" hits="6" branch="False" />
            <line number="74" hits="6" branch="False" />
            <line number="75" hits="6" branch="False" />
            <line number="76" hits="6" branch="False" />
            <line number="77" hits="6" branch="False" />
            <line number="78" hits="6" branch="False" />
            <line number="80" hits="0" branch="False" />
            <line number="81" hits="0" branch="False" />
            <line number="82" hits="0" branch="True" condition-coverage="0% (0/2)">
              <conditions>
                <condition number="77" type="jump" coverage="0%" />
              </conditions>
            </line>
            <line number="83" hits="0" branch="False" />
            <line number="84" hits="0" branch="False" />
            <line number="85" hits="0" branch="False" />
            <line number="86" hits="0" branch="False" />
            <line number="87" hits="0" branch="False" />
            <line number="89" hits="0" branch="False" />
            <line number="90" hits="6" branch="False" />
            <line number="15" hits="6" branch="False" />
            <line number="16" hits="6" branch="False" />
            <line number="17" hits="6" branch="False" />
            <line number="18" hits="6" branch="False" />
            <line number="19" hits="6" branch="False" />
            <line number="20" hits="6" branch="False" />
            <line number="21" hits="6" branch="False" />
            <line number="22" hits="6" branch="False" />
          </lines>
        </class>
        <class name="Quartz.Spi.MongoDbJobStore.MongoDbJobStore" filename="MongoDbJobStore.cs" line-rate="0.7582" branch-rate="0.22219999999999998" complexity="42">
          <methods>
            <method name="get_LoggerFactory" signature="()" line-rate="1" branch-rate="1" complexity="1">
              <lines>
                <line number="57" hits="141" branch="False" />
              </lines>
            </method>
            <method name="get_Logger" signature="()" line-rate="1" branch-rate="1" complexity="1">
              <lines>
                <line number="59" hits="94" branch="False" />
              </lines>
            </method>
            <method name="get_ConnectionString" signature="()" line-rate="1" branch-rate="1" complexity="1">
              <lines>
                <line number="61" hits="45" branch="False" />
              </lines>
            </method>
            <method name="get_CollectionPrefix" signature="()" line-rate="1" branch-rate="1" complexity="1">
              <lines>
                <line number="62" hits="120" branch="False" />
              </lines>
            </method>
            <method name="get_MaxMisfiresToHandleAtATime" signature="()" line-rate="1" branch-rate="1" complexity="1">
              <lines>
                <line number="69" hits="15" branch="False" />
              </lines>
            </method>
            <method name="get_DbRetryInterval" signature="()" line-rate="1" branch-rate="1" complexity="1">
              <lines>
                <line number="76" hits="15" branch="False" />
              </lines>
            </method>
            <method name="get_MisfireThreshold" signature="()" line-rate="1" branch-rate="1" complexity="1">
              <lines>
                <line number="86" hits="173" branch="False" />
              </lines>
            </method>
            <method name="set_MisfireThreshold" signature="(System.TimeSpan)" line-rate="0" branch-rate="0" complexity="2">
              <lines>
                <line number="88" hits="0" branch="False" />
                <line number="89" hits="0" branch="True" condition-coverage="0% (0/2)">
                  <conditions>
                    <condition number="21" type="jump" coverage="0%" />
                  </conditions>
                </line>
                <line number="90" hits="0" branch="False" />
                <line number="91" hits="0" branch="False" />
                <line number="94" hits="0" branch="False" />
                <line number="95" hits="0" branch="False" />
              </lines>
            </method>
            <method name="get_RetryableActionErrorLogThreshold" signature="()" line-rate="1" branch-rate="1" complexity="1">
              <lines>
                <line number="101" hits="15" branch="False" />
              </lines>
            </method>
            <method name="get_MisfireTime" signature="()" line-rate="1" branch-rate="1" complexity="2">
              <lines>
                <line number="106" hits="70" branch="False" />
                <line number="107" hits="70" branch="False" />
                <line number="108" hits="70" branch="True" condition-coverage="100% (2/2)">
                  <conditions>
                    <condition number="30" type="jump" coverage="100%" />
                  </conditions>
                </line>
                <line number="109" hits="70" branch="False" />
                <line number="110" hits="70" branch="False" />
                <line number="111" hits="70" branch="False" />
                <line number="113" hits="70" branch="False" />
                <line number="114" hits="70" branch="False" />
              </lines>
            </method>
            <method name="get_SupportsPersistence" signature="()" line-rate="1" branch-rate="1" complexity="1">
              <lines>
                <line number="117" hits="16" branch="False" />
              </lines>
            </method>
            <method name="get_EstimatedTimeToReleaseAndAcquireTrigger" signature="()" line-rate="0" branch-rate="1" complexity="1">
              <lines>
                <line number="118" hits="0" branch="False" />
              </lines>
            </method>
            <method name="get_Clustered" signature="()" line-rate="1" branch-rate="1" complexity="1">
              <lines>
                <line number="119" hits="16" branch="False" />
              </lines>
            </method>
            <method name="get_InstanceId" signature="()" line-rate="1" branch-rate="1" complexity="1">
              <lines>
                <line number="120" hits="447" branch="False" />
              </lines>
            </method>
            <method name="get_InstanceName" signature="()" line-rate="1" branch-rate="1" complexity="1">
              <lines>
                <line number="121" hits="343" branch="False" />
              </lines>
            </method>
            <method name="get_ThreadPoolSize" signature="()" line-rate="1" branch-rate="1" complexity="1">
              <lines>
                <line number="122" hits="15" branch="False" />
              </lines>
            </method>
            <method name="Initialize" signature="(Quartz.Spi.ITypeLoadHelper,Quartz.Spi.ISchedulerSignaler,System.Threading.CancellationToken)" line-rate="1" branch-rate="1" complexity="1">
              <lines>
                <line number="127" hits="15" branch="False" />
                <line number="128" hits="15" branch="False" />
                <line number="129" hits="15" branch="False" />
                <line number="130" hits="15" branch="False" />
                <line number="132" hits="15" branch="False" />
                <line number="133" hits="15" branch="False" />
                <line number="134" hits="15" branch="False" />
                <line number="135" hits="15" branch="False" />
                <line number="136" hits="15" branch="False" />
                <line number="137" hits="15" branch="False" />
                <line number="138" hits="15" branch="False" />
                <line number="139" hits="15" branch="False" />
                <line number="140" hits="15" branch="False" />
                <line number="141" hits="15" branch="False" />
                <line number="143" hits="15" branch="False" />
                <line number="144" hits="15" branch="False" />
              </lines>
            </method>
            <method name="IsJobGroupPaused" signature="(System.String,System.Threading.CancellationToken)" line-rate="0" branch-rate="1" complexity="1">
              <lines>
                <line number="225" hits="0" branch="False" />
                <line number="227" hits="0" branch="False" />
              </lines>
            </method>
            <method name="IsTriggerGroupPaused" signature="(System.String,System.Threading.CancellationToken)" line-rate="0" branch-rate="1" complexity="1">
              <lines>
                <line number="231" hits="0" branch="False" />
                <line number="233" hits="0" branch="False" />
              </lines>
            </method>
            <method name="GetFiredTriggerRecordId" signature="()" line-rate="1" branch-rate="1" complexity="1">
              <lines>
                <line number="1381" hits="44" branch="False" />
                <line number="1382" hits="44" branch="False" />
                <line number="1383" hits="44" branch="False" />
                <line number="1384" hits="44" branch="False" />
              </lines>
            </method>
            <method name="SignalSchedulingChangeOnTxCompletion" signature="(System.Nullable`1&lt;System.DateTimeOffset&gt;)" line-rate="0.5384" branch-rate="0.2" complexity="10">
              <lines>
                <line number="1463" hits="3" branch="False" />
                <line number="1464" hits="3" branch="False" />
                <line number="1465" hits="3" branch="True" condition-coverage="50% (2/4)">
                  <conditions>
                    <condition number="19" type="jump" coverage="50%" />
                    <condition number="33" type="jump" coverage="50%" />
                  </conditions>
                </line>
                <line number="1466" hits="3" branch="False" />
                <line number="1467" hits="3" branch="False" />
                <line number="1468" hits="3" branch="False" />
                <line number="1470" hits="0" branch="False" />
                <line number="1471" hits="0" branch="True" condition-coverage="0% (0/6)">
                  <conditions>
                    <condition number="64" type="jump" coverage="0%" />
                    <condition number="86" type="jump" coverage="0%" />
                    <condition number="115" type="jump" coverage="0%" />
                  </conditions>
                </line>
                <line number="1472" hits="0" branch="False" />
                <line number="1473" hits="0" branch="False" />
                <line number="1474" hits="0" branch="False" />
                <line number="1475" hits="0" branch="False" />
                <line number="1476" hits="3" branch="False" />
              </lines>
            </method>
            <method name="ClearAndGetSignalSchedulingChangeOnTxCompletion" signature="()" line-rate="1" branch-rate="1" complexity="1">
              <lines>
                <line number="1479" hits="42" branch="False" />
                <line number="1480" hits="42" branch="False" />
                <line number="1481" hits="42" branch="False" />
                <line number="1482" hits="42" branch="False" />
                <line number="1483" hits="42" branch="False" />
              </lines>
            </method>
            <method name="SignalSchedulingChangeImmediately" signature="(System.Nullable`1&lt;System.DateTimeOffset&gt;)" line-rate="0" branch-rate="1" complexity="1">
              <lines>
                <line number="1486" hits="0" branch="False" />
                <line number="1487" hits="0" branch="False" />
                <line number="1488" hits="0" branch="False" />
              </lines>
            </method>
            <method name="&lt;RemoveJobs&gt;b__81_0" signature="(System.Boolean,Quartz.JobKey)" line-rate="0" branch-rate="0" complexity="2">
              <lines>
                <line number="301" hits="0" branch="True" condition-coverage="0% (0/2)">
                  <conditions>
                    <condition number="1" type="jump" coverage="0%" />
                  </conditions>
                </line>
              </lines>
            </method>
            <method name="&lt;RemoveTriggers&gt;b__85_0" signature="(System.Boolean,Quartz.TriggerKey)" line-rate="0" branch-rate="0" complexity="2">
              <lines>
                <line number="350" hits="0" branch="True" condition-coverage="0% (0/2)">
                  <conditions>
                    <condition number="1" type="jump" coverage="0%" />
                  </conditions>
                </line>
              </lines>
            </method>
            <method name="&lt;PauseAllInternal&gt;b__124_0" signature="(System.String)" line-rate="1" branch-rate="1" complexity="1">
              <lines>
                <line number="905" hits="3" branch="False" />
              </lines>
            </method>
            <method name="&lt;ResumeAllInternal&gt;b__131_0" signature="(System.String)" line-rate="1" branch-rate="1" complexity="1">
              <lines>
                <line number="1027" hits="3" branch="False" />
              </lines>
            </method>
            <method name=".cctor" signature="()" line-rate="1" branch-rate="1" complexity="1">
              <lines>
                <line number="24" hits="1" branch="False" />
                <line number="25" hits="1" branch="False" />
                <line number="27" hits="1" branch="False" />
                <line number="45" hits="1" branch="False" />
                <line number="46" hits="1" branch="False" />
                <line number="47" hits="1" branch="False" />
              </lines>
            </method>
            <method name=".ctor" signature="()" line-rate="1" branch-rate="1" complexity="1">
              <lines>
                <line number="35" hits="15" branch="False" />
                <line number="49" hits="15" branch="False" />
                <line number="50" hits="15" branch="False" />
                <line number="51" hits="15" branch="False" />
                <line number="52" hits="15" branch="False" />
                <line number="53" hits="15" branch="False" />
                <line number="54" hits="15" branch="False" />
                <line number="55" hits="15" branch="False" />
              </lines>
            </method>
          </methods>
          <lines>
            <line number="57" hits="141" branch="False" />
            <line number="59" hits="94" branch="False" />
            <line number="61" hits="45" branch="False" />
            <line number="62" hits="120" branch="False" />
            <line number="69" hits="15" branch="False" />
            <line number="76" hits="15" branch="False" />
            <line number="86" hits="173" branch="False" />
            <line number="88" hits="0" branch="False" />
            <line number="89" hits="0" branch="True" condition-coverage="0% (0/2)">
              <conditions>
                <condition number="21" type="jump" coverage="0%" />
              </conditions>
            </line>
            <line number="90" hits="0" branch="False" />
            <line number="91" hits="0" branch="False" />
            <line number="94" hits="0" branch="False" />
            <line number="95" hits="0" branch="False" />
            <line number="101" hits="15" branch="False" />
            <line number="106" hits="70" branch="False" />
            <line number="107" hits="70" branch="False" />
            <line number="108" hits="70" branch="True" condition-coverage="100% (2/2)">
              <conditions>
                <condition number="30" type="jump" coverage="100%" />
              </conditions>
            </line>
            <line number="109" hits="70" branch="False" />
            <line number="110" hits="70" branch="False" />
            <line number="111" hits="70" branch="False" />
            <line number="113" hits="70" branch="False" />
            <line number="114" hits="70" branch="False" />
            <line number="117" hits="16" branch="False" />
            <line number="118" hits="0" branch="False" />
            <line number="119" hits="16" branch="False" />
            <line number="120" hits="447" branch="False" />
            <line number="121" hits="343" branch="False" />
            <line number="122" hits="15" branch="False" />
            <line number="127" hits="15" branch="False" />
            <line number="128" hits="15" branch="False" />
            <line number="129" hits="15" branch="False" />
            <line number="130" hits="15" branch="False" />
            <line number="132" hits="15" branch="False" />
            <line number="133" hits="15" branch="False" />
            <line number="134" hits="15" branch="False" />
            <line number="135" hits="15" branch="False" />
            <line number="136" hits="15" branch="False" />
            <line number="137" hits="15" branch="False" />
            <line number="138" hits="15" branch="False" />
            <line number="139" hits="15" branch="False" />
            <line number="140" hits="15" branch="False" />
            <line number="141" hits="15" branch="False" />
            <line number="143" hits="15" branch="False" />
            <line number="144" hits="15" branch="False" />
            <line number="225" hits="0" branch="False" />
            <line number="227" hits="0" branch="False" />
            <line number="231" hits="0" branch="False" />
            <line number="233" hits="0" branch="False" />
            <line number="1381" hits="44" branch="False" />
            <line number="1382" hits="44" branch="False" />
            <line number="1383" hits="44" branch="False" />
            <line number="1384" hits="44" branch="False" />
            <line number="1463" hits="3" branch="False" />
            <line number="1464" hits="3" branch="False" />
            <line number="1465" hits="3" branch="True" condition-coverage="50% (2/4)">
              <conditions>
                <condition number="19" type="jump" coverage="50%" />
                <condition number="33" type="jump" coverage="50%" />
              </conditions>
            </line>
            <line number="1466" hits="3" branch="False" />
            <line number="1467" hits="3" branch="False" />
            <line number="1468" hits="3" branch="False" />
            <line number="1470" hits="0" branch="False" />
            <line number="1471" hits="0" branch="True" condition-coverage="0% (0/6)">
              <conditions>
                <condition number="64" type="jump" coverage="0%" />
                <condition number="86" type="jump" coverage="0%" />
                <condition number="115" type="jump" coverage="0%" />
              </conditions>
            </line>
            <line number="1472" hits="0" branch="False" />
            <line number="1473" hits="0" branch="False" />
            <line number="1474" hits="0" branch="False" />
            <line number="1475" hits="0" branch="False" />
            <line number="1476" hits="3" branch="False" />
            <line number="1479" hits="42" branch="False" />
            <line number="1480" hits="42" branch="False" />
            <line number="1481" hits="42" branch="False" />
            <line number="1482" hits="42" branch="False" />
            <line number="1483" hits="42" branch="False" />
            <line number="1486" hits="0" branch="False" />
            <line number="1487" hits="0" branch="False" />
            <line number="1488" hits="0" branch="False" />
            <line number="301" hits="0" branch="True" condition-coverage="0% (0/2)">
              <conditions>
                <condition number="1" type="jump" coverage="0%" />
              </conditions>
            </line>
            <line number="350" hits="0" branch="True" condition-coverage="0% (0/2)">
              <conditions>
                <condition number="1" type="jump" coverage="0%" />
              </conditions>
            </line>
            <line number="905" hits="3" branch="False" />
            <line number="1027" hits="3" branch="False" />
            <line number="24" hits="1" branch="False" />
            <line number="25" hits="1" branch="False" />
            <line number="27" hits="1" branch="False" />
            <line number="45" hits="1" branch="False" />
            <line number="46" hits="1" branch="False" />
            <line number="47" hits="1" branch="False" />
            <line number="35" hits="15" branch="False" />
            <line number="49" hits="15" branch="False" />
            <line number="50" hits="15" branch="False" />
            <line number="51" hits="15" branch="False" />
            <line number="52" hits="15" branch="False" />
            <line number="53" hits="15" branch="False" />
            <line number="54" hits="15" branch="False" />
            <line number="55" hits="15" branch="False" />
          </lines>
        </class>
        <class name="Quartz.Spi.MongoDbJobStore.MongoDbJobStore/&lt;&lt;RecoverJobsInternal&gt;b__145_0&gt;d" filename="MongoDbJobStore.cs" line-rate="1" branch-rate="1" complexity="1">
          <methods>
            <method name="MoveNext" signature="()" line-rate="1" branch-rate="1" complexity="1">
              <lines>
                <line number="1503" hits="6" branch="False" />
              </lines>
            </method>
          </methods>
          <lines>
            <line number="1503" hits="6" branch="False" />
          </lines>
        </class>
        <class name="Quartz.Spi.MongoDbJobStore.MongoDbJobStore/&lt;&gt;c" filename="MongoDbJobStore.cs" line-rate="1" branch-rate="1" complexity="3">
          <methods>
            <method name="&lt;GetTriggersForJob&gt;b__103_0" signature="(Quartz.Spi.MongoDbJobStore.Models.Trigger)" line-rate="1" branch-rate="1" complexity="1">
              <lines>
                <line number="506" hits="13" branch="False" />
              </lines>
            </method>
            <method name="&lt;PauseJobs&gt;b__108_0" signature="(Quartz.JobKey)" line-rate="1" branch-rate="1" complexity="1">
              <lines>
                <line number="602" hits="8" branch="False" />
              </lines>
            </method>
            <method name="&lt;ResumeJobs&gt;b__113_0" signature="(Quartz.JobKey)" line-rate="1" branch-rate="1" complexity="1">
              <lines>
                <line number="685" hits="8" branch="False" />
              </lines>
            </method>
          </methods>
          <lines>
            <line number="506" hits="13" branch="False" />
            <line number="602" hits="8" branch="False" />
            <line number="685" hits="8" branch="False" />
          </lines>
        </class>
        <class name="Quartz.Spi.MongoDbJobStore.MongoDbJobStore/&lt;&gt;c__DisplayClass112_0" filename="MongoDbJobStore.cs" line-rate="1" branch-rate="1" complexity="1">
          <methods>
            <method name="&lt;ResumeJob&gt;b__0" signature="(Quartz.Spi.MongoDbJobStore.Models.Trigger)" line-rate="1" branch-rate="1" complexity="1">
              <lines>
                <line number="657" hits="2" branch="False" />
              </lines>
            </method>
          </methods>
          <lines>
            <line number="657" hits="2" branch="False" />
          </lines>
        </class>
        <class name="Quartz.Spi.MongoDbJobStore.MongoDbJobStore/&lt;&gt;c__DisplayClass113_0" filename="MongoDbJobStore.cs" line-rate="1" branch-rate="1" complexity="1">
          <methods>
            <method name="&lt;ResumeJobs&gt;b__1" signature="(Quartz.Spi.MongoDbJobStore.Models.Trigger)" line-rate="1" branch-rate="1" complexity="1">
              <lines>
                <line number="682" hits="17" branch="False" />
              </lines>
            </method>
          </methods>
          <lines>
            <line number="682" hits="17" branch="False" />
          </lines>
        </class>
        <class name="Quartz.Spi.MongoDbJobStore.MongoDbJobStore/&lt;AcquireNextTriggers&gt;d__116" filename="MongoDbJobStore.cs" line-rate="0.6666" branch-rate="1" complexity="1">
          <methods>
            <method name="MoveNext" signature="()" line-rate="0.6666" branch-rate="1" complexity="1">
              <lines>
                <line number="730" hits="58" branch="False" />
                <line number="732" hits="58" branch="False" />
                <line number="733" hits="58" branch="False" />
                <line number="734" hits="58" branch="False" />
                <line number="735" hits="58" branch="False" />
                <line number="738" hits="0" branch="False" />
                <line number="739" hits="0" branch="False" />
                <line number="740" hits="0" branch="False" />
                <line number="742" hits="58" branch="False" />
              </lines>
            </method>
          </methods>
          <lines>
            <line number="730" hits="58" branch="False" />
            <line number="732" hits="58" branch="False" />
            <line number="733" hits="58" branch="False" />
            <line number="734" hits="58" branch="False" />
            <line number="735" hits="58" branch="False" />
            <line number="738" hits="0" branch="False" />
            <line number="739" hits="0" branch="False" />
            <line number="740" hits="0" branch="False" />
            <line number="742" hits="58" branch="False" />
          </lines>
        </class>
        <class name="Quartz.Spi.MongoDbJobStore.MongoDbJobStore/&lt;AcquireNextTriggersInternal&gt;d__139" filename="MongoDbJobStore.cs" line-rate="0.7241" branch-rate="0.7" complexity="20">
          <methods>
            <method name="MoveNext" signature="()" line-rate="0.7241" branch-rate="0.7" complexity="20">
              <lines>
                <line number="1295" hits="58" branch="True" condition-coverage="100% (2/2)">
                  <conditions>
                    <condition number="16" type="jump" coverage="100%" />
                  </conditions>
                </line>
                <line number="1296" hits="58" branch="True" condition-coverage="50% (1/2)">
                  <conditions>
                    <condition number="49" type="jump" coverage="50%" />
                  </conditions>
                </line>
                <line number="1297" hits="0" branch="False" />
                <line number="1298" hits="0" branch="False" />
                <line number="1301" hits="58" branch="False" />
                <line number="1302" hits="58" branch="False" />
                <line number="1305" hits="58" branch="False" />
                <line number="1308" hits="58" branch="False" />
                <line number="1309" hits="58" branch="False" />
                <line number="1310" hits="58" branch="False" />
                <line number="1311" hits="58" branch="False" />
                <line number="1313" hits="58" branch="True" condition-coverage="100% (2/2)">
                  <conditions>
                    <condition number="305" type="jump" coverage="100%" />
                  </conditions>
                </line>
                <line number="1314" hits="14" branch="False" />
                <line number="1315" hits="14" branch="False" />
                <line number="1318" hits="220" branch="True" condition-coverage="100% (2/2)">
                  <conditions>
                    <condition number="1484" type="jump" coverage="100%" />
                  </conditions>
                </line>
                <line number="1319" hits="44" branch="False" />
                <line number="1320" hits="44" branch="False" />
                <line number="1321" hits="44" branch="True" condition-coverage="50% (1/2)">
                  <conditions>
                    <condition number="580" type="jump" coverage="50%" />
                  </conditions>
                </line>
                <line number="1322" hits="0" branch="False" />
                <line number="1323" hits="0" branch="False" />
                <line number="1326" hits="44" branch="False" />
                <line number="1329" hits="44" branch="False" />
                <line number="1330" hits="44" branch="False" />
                <line number="1331" hits="44" branch="False" />
                <line number="1332" hits="0" branch="False" />
                <line number="1333" hits="0" branch="False" />
                <line number="1334" hits="0" branch="False" />
                <line number="1335" hits="0" branch="False" />
                <line number="1336" hits="0" branch="False" />
                <line number="1339" hits="44" branch="True" condition-coverage="100% (2/2)">
                  <conditions>
                    <condition number="965" type="jump" coverage="100%" />
                  </conditions>
                </line>
                <line number="1340" hits="3" branch="False" />
                <line number="1341" hits="3" branch="True" condition-coverage="50% (1/2)">
                  <conditions>
                    <condition number="989" type="jump" coverage="50%" />
                  </conditions>
                </line>
                <line number="1342" hits="0" branch="False" />
                <line number="1343" hits="0" branch="False" />
                <line number="1346" hits="3" branch="False" />
                <line number="1347" hits="3" branch="False" />
                <line number="1349" hits="44" branch="False" />
                <line number="1350" hits="44" branch="False" />
                <line number="1351" hits="44" branch="True" condition-coverage="50% (1/2)">
                  <conditions>
                    <condition number="1178" type="jump" coverage="50%" />
                  </conditions>
                </line>
                <line number="1352" hits="0" branch="False" />
                <line number="1353" hits="0" branch="False" />
                <line number="1356" hits="44" branch="False" />
                <line number="1357" hits="44" branch="False" />
                <line number="1359" hits="44" branch="False" />
                <line number="1360" hits="44" branch="False" />
                <line number="1361" hits="44" branch="False" />
                <line number="1362" hits="44" branch="False" />
                <line number="1363" hits="44" branch="False" />
                <line number="1364" hits="44" branch="False" />
                <line number="1366" hits="44" branch="False" />
                <line number="1367" hits="44" branch="False" />
                <line number="1369" hits="44" branch="True" condition-coverage="50% (2/4)">
                  <conditions>
                    <condition number="1537" type="jump" coverage="50%" />
                    <condition number="1555" type="jump" coverage="50%" />
                  </conditions>
                </line>
                <line number="1370" hits="0" branch="False" />
                <line number="1371" hits="0" branch="False" />
                <line number="1374" hits="44" branch="False" />
                <line number="1375" hits="0" branch="False" />
                <line number="1377" hits="44" branch="False" />
                <line number="1378" hits="58" branch="False" />
              </lines>
            </method>
          </methods>
          <lines>
            <line number="1295" hits="58" branch="True" condition-coverage="100% (2/2)">
              <conditions>
                <condition number="16" type="jump" coverage="100%" />
              </conditions>
            </line>
            <line number="1296" hits="58" branch="True" condition-coverage="50% (1/2)">
              <conditions>
                <condition number="49" type="jump" coverage="50%" />
              </conditions>
            </line>
            <line number="1297" hits="0" branch="False" />
            <line number="1298" hits="0" branch="False" />
            <line number="1301" hits="58" branch="False" />
            <line number="1302" hits="58" branch="False" />
            <line number="1305" hits="58" branch="False" />
            <line number="1308" hits="58" branch="False" />
            <line number="1309" hits="58" branch="False" />
            <line number="1310" hits="58" branch="False" />
            <line number="1311" hits="58" branch="False" />
            <line number="1313" hits="58" branch="True" condition-coverage="100% (2/2)">
              <conditions>
                <condition number="305" type="jump" coverage="100%" />
              </conditions>
            </line>
            <line number="1314" hits="14" branch="False" />
            <line number="1315" hits="14" branch="False" />
            <line number="1318" hits="220" branch="True" condition-coverage="100% (2/2)">
              <conditions>
                <condition number="1484" type="jump" coverage="100%" />
              </conditions>
            </line>
            <line number="1319" hits="44" branch="False" />
            <line number="1320" hits="44" branch="False" />
            <line number="1321" hits="44" branch="True" condition-coverage="50% (1/2)">
              <conditions>
                <condition number="580" type="jump" coverage="50%" />
              </conditions>
            </line>
            <line number="1322" hits="0" branch="False" />
            <line number="1323" hits="0" branch="False" />
            <line number="1326" hits="44" branch="False" />
            <line number="1329" hits="44" branch="False" />
            <line number="1330" hits="44" branch="False" />
            <line number="1331" hits="44" branch="False" />
            <line number="1332" hits="0" branch="False" />
            <line number="1333" hits="0" branch="False" />
            <line number="1334" hits="0" branch="False" />
            <line number="1335" hits="0" branch="False" />
            <line number="1336" hits="0" branch="False" />
            <line number="1339" hits="44" branch="True" condition-coverage="100% (2/2)">
              <conditions>
                <condition number="965" type="jump" coverage="100%" />
              </conditions>
            </line>
            <line number="1340" hits="3" branch="False" />
            <line number="1341" hits="3" branch="True" condition-coverage="50% (1/2)">
              <conditions>
                <condition number="989" type="jump" coverage="50%" />
              </conditions>
            </line>
            <line number="1342" hits="0" branch="False" />
            <line number="1343" hits="0" branch="False" />
            <line number="1346" hits="3" branch="False" />
            <line number="1347" hits="3" branch="False" />
            <line number="1349" hits="44" branch="False" />
            <line number="1350" hits="44" branch="False" />
            <line number="1351" hits="44" branch="True" condition-coverage="50% (1/2)">
              <conditions>
                <condition number="1178" type="jump" coverage="50%" />
              </conditions>
            </line>
            <line number="1352" hits="0" branch="False" />
            <line number="1353" hits="0" branch="False" />
            <line number="1356" hits="44" branch="False" />
            <line number="1357" hits="44" branch="False" />
            <line number="1359" hits="44" branch="False" />
            <line number="1360" hits="44" branch="False" />
            <line number="1361" hits="44" branch="False" />
            <line number="1362" hits="44" branch="False" />
            <line number="1363" hits="44" branch="False" />
            <line number="1364" hits="44" branch="False" />
            <line number="1366" hits="44" branch="False" />
            <line number="1367" hits="44" branch="False" />
            <line number="1369" hits="44" branch="True" condition-coverage="50% (2/4)">
              <conditions>
                <condition number="1537" type="jump" coverage="50%" />
                <condition number="1555" type="jump" coverage="50%" />
              </conditions>
            </line>
            <line number="1370" hits="0" branch="False" />
            <line number="1371" hits="0" branch="False" />
            <line number="1374" hits="44" branch="False" />
            <line number="1375" hits="0" branch="False" />
            <line number="1377" hits="44" branch="False" />
            <line number="1378" hits="58" branch="False" />
          </lines>
        </class>
        <class name="Quartz.Spi.MongoDbJobStore.MongoDbJobStore/&lt;CalendarExists&gt;d__88" filename="MongoDbJobStore.cs" line-rate="1" branch-rate="1" complexity="1">
          <methods>
            <method name="MoveNext" signature="()" line-rate="1" branch-rate="1" complexity="1">
              <lines>
                <line number="383" hits="10" branch="False" />
                <line number="384" hits="10" branch="False" />
                <line number="385" hits="10" branch="False" />
              </lines>
            </method>
          </methods>
          <lines>
            <line number="383" hits="10" branch="False" />
            <line number="384" hits="10" branch="False" />
            <line number="385" hits="10" branch="False" />
          </lines>
        </class>
        <class name="Quartz.Spi.MongoDbJobStore.MongoDbJobStore/&lt;CheckBlockedState&gt;d__135" filename="MongoDbJobStore.cs" line-rate="1" branch-rate="0.9" complexity="10">
          <methods>
            <method name="MoveNext" signature="()" line-rate="1" branch-rate="0.9" complexity="10">
              <lines>
                <line number="1153" hits="42" branch="False" />
                <line number="1154" hits="42" branch="True" condition-coverage="100% (4/4)">
                  <conditions>
                    <condition number="25" type="jump" coverage="100%" />
                    <condition number="44" type="jump" coverage="100%" />
                  </conditions>
                </line>
                <line number="1155" hits="5" branch="False" />
                <line number="1156" hits="5" branch="False" />
                <line number="1159" hits="37" branch="False" />
                <line number="1160" hits="37" branch="False" />
                <line number="1161" hits="37" branch="True" condition-coverage="100% (2/2)">
                  <conditions>
                    <condition number="224" type="jump" coverage="100%" />
                  </conditions>
                </line>
                <line number="1162" hits="21" branch="False" />
                <line number="1163" hits="21" branch="True" condition-coverage="100% (2/2)">
                  <conditions>
                    <condition number="242" type="jump" coverage="100%" />
                  </conditions>
                </line>
                <line number="1164" hits="3" branch="False" />
                <line number="1165" hits="3" branch="True" condition-coverage="50% (1/2)">
                  <conditions>
                    <condition number="252" type="jump" coverage="50%" />
                  </conditions>
                </line>
                <line number="1166" hits="3" branch="False" />
                <line number="1167" hits="3" branch="False" />
                <line number="1169" hits="18" branch="False" />
                <line number="1171" hits="34" branch="False" />
                <line number="1172" hits="42" branch="False" />
              </lines>
            </method>
          </methods>
          <lines>
            <line number="1153" hits="42" branch="False" />
            <line number="1154" hits="42" branch="True" condition-coverage="100% (4/4)">
              <conditions>
                <condition number="25" type="jump" coverage="100%" />
[...]
              <lines>
                <line number="5" hits="2393" branch="False" />
              </lines>
            </method>
            <method name="get_Group" signature="()" line-rate="1" branch-rate="1" complexity="1">
              <lines>
                <line number="6" hits="2393" branch="False" />
              </lines>
            </method>
          </methods>
          <lines>
            <line number="5" hits="2393" branch="False" />
            <line number="6" hits="2393" branch="False" />
          </lines>
        </class>
        <class name="Quartz.Spi.MongoDbJobStore.Models.Id.CalendarId" filename="Models\Id\CalendarId.cs" line-rate="1" branch-rate="1" complexity="3">
          <methods>
            <method name="get_CalendarName" signature="()" line-rate="1" branch-rate="1" complexity="1">
              <lines>
                <line number="15" hits="71" branch="False" />
              </lines>
            </method>
            <method name=".ctor" signature="()" line-rate="1" branch-rate="1" complexity="1">
              <lines>
                <line number="5" hits="8" branch="False" />
                <line number="6" hits="8" branch="False" />
                <line number="7" hits="8" branch="False" />
              </lines>
            </method>
            <method name=".ctor" signature="(System.String,System.String)" line-rate="1" branch-rate="1" complexity="1">
              <lines>
                <line number="9" hits="30" branch="False" />
                <line number="10" hits="30" branch="False" />
                <line number="11" hits="30" branch="False" />
                <line number="12" hits="30" branch="False" />
                <line number="13" hits="30" branch="False" />
              </lines>
            </method>
          </methods>
          <lines>
            <line number="15" hits="71" branch="False" />
            <line number="5" hits="8" branch="False" />
            <line number="6" hits="8" branch="False" />
            <line number="7" hits="8" branch="False" />
            <line number="9" hits="30" branch="False" />
            <line number="10" hits="30" branch="False" />
            <line number="11" hits="30" branch="False" />
            <line number="12" hits="30" branch="False" />
            <line number="13" hits="30" branch="False" />
          </lines>
        </class>
        <class name="Quartz.Spi.MongoDbJobStore.Models.Id.FiredTriggerId" filename="Models\Id\FiredTriggerId.cs" line-rate="1" branch-rate="1" complexity="3">
          <methods>
            <method name="get_FiredInstanceId" signature="()" line-rate="1" branch-rate="1" complexity="1">
              <lines>
                <line number="15" hits="350" branch="False" />
              </lines>
            </method>
            <method name=".ctor" signature="()" line-rate="1" branch-rate="1" complexity="1">
              <lines>
                <line number="5" hits="46" branch="False" />
                <line number="6" hits="46" branch="False" />
                <line number="7" hits="46" branch="False" />
              </lines>
            </method>
            <method name=".ctor" signature="(System.String,System.String)" line-rate="1" branch-rate="1" complexity="1">
              <lines>
                <line number="9" hits="130" branch="False" />
                <line number="10" hits="130" branch="False" />
                <line number="11" hits="130" branch="False" />
                <line number="12" hits="130" branch="False" />
                <line number="13" hits="130" branch="False" />
              </lines>
            </method>
          </methods>
          <lines>
            <line number="15" hits="350" branch="False" />
            <line number="5" hits="46" branch="False" />
            <line number="6" hits="46" branch="False" />
            <line number="7" hits="46" branch="False" />
            <line number="9" hits="130" branch="False" />
            <line number="10" hits="130" branch="False" />
            <line number="11" hits="130" branch="False" />
            <line number="12" hits="130" branch="False" />
            <line number="13" hits="130" branch="False" />
          </lines>
        </class>
        <class name="Quartz.Spi.MongoDbJobStore.Models.Id.JobDetailId" filename="Models\Id\JobDetailId.cs" line-rate="1" branch-rate="1" complexity="3">
          <methods>
            <method name="GetJobKey" signature="()" line-rate="1" branch-rate="1" complexity="1">
              <lines>
                <line number="17" hits="92" branch="False" />
                <line number="18" hits="92" branch="False" />
                <line number="19" hits="92" branch="False" />
              </lines>
            </method>
            <method name=".ctor" signature="()" line-rate="1" branch-rate="1" complexity="1">
              <lines>
                <line number="5" hits="177" branch="False" />
                <line number="6" hits="177" branch="False" />
                <line number="7" hits="177" branch="False" />
              </lines>
            </method>
            <method name=".ctor" signature="(Quartz.JobKey,System.String)" line-rate="1" branch-rate="1" complexity="1">
              <lines>
                <line number="9" hits="218" branch="False" />
                <line number="10" hits="218" branch="False" />
                <line number="11" hits="218" branch="False" />
                <line number="12" hits="218" branch="False" />
                <line number="13" hits="218" branch="False" />
                <line number="14" hits="218" branch="False" />
              </lines>
            </method>
          </methods>
          <lines>
            <line number="17" hits="92" branch="False" />
            <line number="18" hits="92" branch="False" />
            <line number="19" hits="92" branch="False" />
            <line number="5" hits="177" branch="False" />
            <line number="6" hits="177" branch="False" />
            <line number="7" hits="177" branch="False" />
            <line number="9" hits="218" branch="False" />
            <line number="10" hits="218" branch="False" />
            <line number="11" hits="218" branch="False" />
            <line number="12" hits="218" branch="False" />
            <line number="13" hits="218" branch="False" />
            <line number="14" hits="218" branch="False" />
          </lines>
        </class>
        <class name="Quartz.Spi.MongoDbJobStore.Models.Id.LockId" filename="Models\Id\LockId.cs" line-rate="0.9" branch-rate="1" complexity="4">
          <methods>
            <method name="get_LockType" signature="()" line-rate="1" branch-rate="1" complexity="1">
              <lines>
                <line number="17" hits="2168" branch="False" />
              </lines>
            </method>
            <method name="ToString" signature="()" line-rate="1" branch-rate="1" complexity="1">
              <lines>
                <line number="20" hits="1084" branch="False" />
                <line number="21" hits="1084" branch="False" />
                <line number="22" hits="1084" branch="False" />
              </lines>
            </method>
            <method name=".ctor" signature="()" line-rate="0" branch-rate="1" complexity="1">
              <lines>
                <line number="8" hits="0" branch="False" />
              </lines>
            </method>
            <method name=".ctor" signature="(Quartz.Spi.MongoDbJobStore.Models.LockType,System.String)" line-rate="1" branch-rate="1" complexity="1">
              <lines>
                <line number="10" hits="542" branch="False" />
                <line number="11" hits="542" branch="False" />
                <line number="12" hits="542" branch="False" />
                <line number="13" hits="542" branch="False" />
                <line number="14" hits="542" branch="False" />
              </lines>
            </method>
          </methods>
          <lines>
            <line number="17" hits="2168" branch="False" />
            <line number="20" hits="1084" branch="False" />
            <line number="21" hits="1084" branch="False" />
            <line number="22" hits="1084" branch="False" />
            <line number="8" hits="0" branch="False" />
            <line number="10" hits="542" branch="False" />
            <line number="11" hits="542" branch="False" />
            <line number="12" hits="542" branch="False" />
            <line number="13" hits="542" branch="False" />
            <line number="14" hits="542" branch="False" />
          </lines>
        </class>
        <class name="Quartz.Spi.MongoDbJobStore.Models.Id.PausedTriggerGroupId" filename="Models\Id\PausedTriggerGroupId.cs" line-rate="0.6666" branch-rate="1" complexity="3">
          <methods>
            <method name="get_Group" signature="()" line-rate="1" branch-rate="1" complexity="1">
              <lines>
                <line number="15" hits="188" branch="False" />
              </lines>
            </method>
            <method name=".ctor" signature="()" line-rate="0" branch-rate="1" complexity="1">
              <lines>
                <line number="5" hits="0" branch="False" />
                <line number="6" hits="0" branch="False" />
                <line number="7" hits="0" branch="False" />
              </lines>
            </method>
            <method name=".ctor" signature="(System.String,System.String)" line-rate="1" branch-rate="1" complexity="1">
              <lines>
                <line number="9" hits="94" branch="False" />
                <line number="10" hits="94" branch="False" />
                <line number="11" hits="94" branch="False" />
                <line number="12" hits="94" branch="False" />
                <line number="13" hits="94" branch="False" />
              </lines>
            </method>
          </methods>
          <lines>
            <line number="15" hits="188" branch="False" />
            <line number="5" hits="0" branch="False" />
            <line number="6" hits="0" branch="False" />
            <line number="7" hits="0" branch="False" />
            <line number="9" hits="94" branch="False" />
            <line number="10" hits="94" branch="False" />
            <line number="11" hits="94" branch="False" />
            <line number="12" hits="94" branch="False" />
            <line number="13" hits="94" branch="False" />
          </lines>
        </class>
        <class name="Quartz.Spi.MongoDbJobStore.Models.Id.SchedulerId" filename="Models\Id\SchedulerId.cs" line-rate="0.9" branch-rate="1" complexity="4">
          <methods>
            <method name="get_Id" signature="()" line-rate="1" branch-rate="1" complexity="1">
              <lines>
                <line number="13" hits="172" branch="False" />
              </lines>
            </method>
            <method name="ToString" signature="()" line-rate="1" branch-rate="1" complexity="1">
              <lines>
                <line number="16" hits="52" branch="False" />
                <line number="17" hits="52" branch="False" />
                <line number="18" hits="52" branch="False" />
              </lines>
            </method>
            <method name=".ctor" signature="()" line-rate="0" branch-rate="1" complexity="1">
              <lines>
                <line number="5" hits="0" branch="False" />
              </lines>
            </method>
            <method name=".ctor" signature="(System.String,System.String)" line-rate="1" branch-rate="1" complexity="1">
              <lines>
                <line number="7" hits="46" branch="False" />
                <line number="8" hits="46" branch="False" />
                <line number="9" hits="46" branch="False" />
                <line number="10" hits="46" branch="False" />
                <line number="11" hits="46" branch="False" />
              </lines>
            </method>
          </methods>
          <lines>
            <line number="13" hits="172" branch="False" />
            <line number="16" hits="52" branch="False" />
            <line number="17" hits="52" branch="False" />
            <line number="18" hits="52" branch="False" />
            <line number="5" hits="0" branch="False" />
            <line number="7" hits="46" branch="False" />
            <line number="8" hits="46" branch="False" />
            <line number="9" hits="46" branch="False" />
            <line number="10" hits="46" branch="False" />
            <line number="11" hits="46" branch="False" />
          </lines>
        </class>
        <class name="Quartz.Spi.MongoDbJobStore.Models.Id.TriggerId" filename="Models\Id\TriggerId.cs" line-rate="1" branch-rate="1" complexity="3">
          <methods>
            <method name="GetTriggerKey" signature="()" line-rate="1" branch-rate="1" complexity="1">
              <lines>
                <line number="15" hits="187" branch="False" />
                <line number="16" hits="187" branch="False" />
                <line number="17" hits="187" branch="False" />
              </lines>
            </method>
            <method name=".ctor" signature="()" line-rate="1" branch-rate="1" complexity="1">
              <lines>
                <line number="5" hits="1221" branch="False" />
              </lines>
            </method>
            <method name=".ctor" signature="(Quartz.TriggerKey,System.String)" line-rate="1" branch-rate="1" complexity="1">
              <lines>
                <line number="7" hits="378" branch="False" />
                <line number="8" hits="378" branch="False" />
                <line number="9" hits="378" branch="False" />
                <line number="10" hits="378" branch="False" />
                <line number="11" hits="378" branch="False" />
                <line number="12" hits="378" branch="False" />
              </lines>
            </method>
          </methods>
          <lines>
            <line number="15" hits="187" branch="False" />
            <line number="16" hits="187" branch="False" />
            <line number="17" hits="187" branch="False" />
            <line number="5" hits="1221" branch="False" />
            <line number="7" hits="378" branch="False" />
            <line number="8" hits="378" branch="False" />
            <line number="9" hits="378" branch="False" />
            <line number="10" hits="378" branch="False" />
            <line number="11" hits="378" branch="False" />
            <line number="12" hits="378" branch="False" />
          </lines>
        </class>
        <class name="Quartz.Spi.MongoDbJobStore.Extensions.GroupMatcherExtensions" filename="Extensions\GroupMatcherExtensions.cs" line-rate="0.8946999999999999" branch-rate="0.7142000000000001" complexity="14">
          <methods>
            <method name="ToBsonRegularExpression" signature="(Quartz.Impl.Matchers.GroupMatcher`1&lt;T&gt;)" line-rate="0.8946999999999999" branch-rate="0.7142000000000001" complexity="14">
              <lines>
                <line number="11" hits="57" branch="False" />
                <line number="12" hits="57" branch="True" condition-coverage="100% (2/2)">
                  <conditions>
                    <condition number="19" type="jump" coverage="100%" />
                  </conditions>
                </line>
                <line number="13" hits="37" branch="False" />
                <line number="14" hits="37" branch="False" />
                <line number="16" hits="20" branch="True" condition-coverage="100% (2/2)">
                  <conditions>
                    <condition number="72" type="jump" coverage="100%" />
                  </conditions>
                </line>
                <line number="17" hits="6" branch="False" />
                <line number="18" hits="6" branch="True" condition-coverage="50% (1/2)">
                  <conditions>
                    <condition number="82" type="jump" coverage="50%" />
                  </conditions>
                </line>
                <line number="20" hits="14" branch="True" condition-coverage="100% (2/2)">
                  <conditions>
                    <condition number="119" type="jump" coverage="100%" />
                  </conditions>
                </line>
                <line number="21" hits="6" branch="False" />
                <line number="22" hits="6" branch="False" />
                <line number="24" hits="8" branch="True" condition-coverage="100% (2/2)">
                  <conditions>
                    <condition number="166" type="jump" coverage="100%" />
                  </conditions>
                </line>
                <line number="25" hits="6" branch="False" />
                <line number="26" hits="6" branch="False" />
                <line number="28" hits="2" branch="True" condition-coverage="50% (1/2)">
                  <conditions>
                    <condition number="213" type="jump" coverage="50%" />
                  </conditions>
                </line>
                <line number="29" hits="2" branch="False" />
                <line number="30" hits="2" branch="False" />
                <line number="32" hits="0" branch="True" condition-coverage="0% (0/2)">
                  <conditions>
                    <condition number="241" type="jump" coverage="0%" />
                  </conditions>
                </line>
                <line number="33" hits="0" branch="False" />
                <line number="34" hits="57" branch="False" />
              </lines>
            </method>
          </methods>
          <lines>
            <line number="11" hits="57" branch="False" />
            <line number="12" hits="57" branch="True" condition-coverage="100% (2/2)">
              <conditions>
                <condition number="19" type="jump" coverage="100%" />
              </conditions>
            </line>
            <line number="13" hits="37" branch="False" />
            <line number="14" hits="37" branch="False" />
            <line number="16" hits="20" branch="True" condition-coverage="100% (2/2)">
              <conditions>
                <condition number="72" type="jump" coverage="100%" />
              </conditions>
            </line>
            <line number="17" hits="6" branch="False" />
            <line number="18" hits="6" branch="True" condition-coverage="50% (1/2)">
              <conditions>
                <condition number="82" type="jump" coverage="50%" />
              </conditions>
            </line>
            <line number="20" hits="14" branch="True" condition-coverage="100% (2/2)">
              <conditions>
                <condition number="119" type="jump" coverage="100%" />
              </conditions>
            </line>
            <line number="21" hits="6" branch="False" />
            <line number="22" hits="6" branch="False" />
            <line number="24" hits="8" branch="True" condition-coverage="100% (2/2)">
              <conditions>
                <condition number="166" type="jump" coverage="100%" />
              </conditions>
            </line>
            <line number="25" hits="6" branch="False" />
            <line number="26" hits="6" branch="False" />
            <line number="28" hits="2" branch="True" condition-coverage="50% (1/2)">
              <conditions>
                <condition number="213" type="jump" coverage="50%" />
              </conditions>
            </line>
            <line number="29" hits="2" branch="False" />
            <line number="30" hits="2" branch="False" />
            <line number="32" hits="0" branch="True" condition-coverage="0% (0/2)">
              <conditions>
                <condition number="241" type="jump" coverage="0%" />
              </conditions>
            </line>
            <line number="33" hits="0" branch="False" />
            <line number="34" hits="57" branch="False" />
          </lines>
        </class>
      </classes>
    </package>
  </packages>
</coverage>